Determining if the pthread_create exist failed with the following output:
Change Dir: /home/advaith/Documents/16833_Final_Project/ROS/build_isolated/libviso2/CMakeFiles/CMakeTmp

Run Build Command:"/usr/bin/make" "cmTC_347bc/fast"
/usr/bin/make -f CMakeFiles/cmTC_347bc.dir/build.make CMakeFiles/cmTC_347bc.dir/build
make[1]: Entering directory '/home/advaith/Documents/16833_Final_Project/ROS/build_isolated/libviso2/CMakeFiles/CMakeTmp'
Building C object CMakeFiles/cmTC_347bc.dir/CheckSymbolExists.c.o
/usr/bin/cc    -o CMakeFiles/cmTC_347bc.dir/CheckSymbolExists.c.o   -c /home/advaith/Documents/16833_Final_Project/ROS/build_isolated/libviso2/CMakeFiles/CMakeTmp/CheckSymbolExists.c
Linking C executable cmTC_347bc
/usr/bin/cmake -E cmake_link_script CMakeFiles/cmTC_347bc.dir/link.txt --verbose=1
/usr/bin/cc      -rdynamic CMakeFiles/cmTC_347bc.dir/CheckSymbolExists.c.o  -o cmTC_347bc 
CMakeFiles/cmTC_347bc.dir/CheckSymbolExists.c.o: In function `main':
CheckSymbolExists.c:(.text+0x1b): undefined reference to `pthread_create'
collect2: error: ld returned 1 exit status
CMakeFiles/cmTC_347bc.dir/build.make:97: recipe for target 'cmTC_347bc' failed
make[1]: *** [cmTC_347bc] Error 1
make[1]: Leaving directory '/home/advaith/Documents/16833_Final_Project/ROS/build_isolated/libviso2/CMakeFiles/CMakeTmp'
Makefile:126: recipe for target 'cmTC_347bc/fast' failed
make: *** [cmTC_347bc/fast] Error 2

File /home/advaith/Documents/16833_Final_Project/ROS/build_isolated/libviso2/CMakeFiles/CMakeTmp/CheckSymbolExists.c:
/* */
#include <pthread.h>

int main(int argc, char** argv)
{
  (void)argv;
#ifndef pthread_create
  return ((int*)(&pthread_create))[argc];
#else
  (void)argc;
  return 0;
#endif
}

Determining if the function pthread_create exists in the pthreads failed with the following output:
Change Dir: /home/advaith/Documents/16833_Final_Project/ROS/build_isolated/libviso2/CMakeFiles/CMakeTmp

Run Build Command:"/usr/bin/make" "cmTC_ca0b1/fast"
/usr/bin/make -f CMakeFiles/cmTC_ca0b1.dir/build.make CMakeFiles/cmTC_ca0b1.dir/build
make[1]: Entering directory '/home/advaith/Documents/16833_Final_Project/ROS/build_isolated/libviso2/CMakeFiles/CMakeTmp'
Building C object CMakeFiles/cmTC_ca0b1.dir/CheckFunctionExists.c.o
/usr/bin/cc   -DCHECK_FUNCTION_EXISTS=pthread_create   -o CMakeFiles/cmTC_ca0b1.dir/CheckFunctionExists.c.o   -c /usr/share/cmake-3.10/Modules/CheckFunctionExists.c
Linking C executable cmTC_ca0b1
/usr/bin/cmake -E cmake_link_script CMakeFiles/cmTC_ca0b1.dir/link.txt --verbose=1
/usr/bin/cc  -DCHECK_FUNCTION_EXISTS=pthread_create    -rdynamic CMakeFiles/cmTC_ca0b1.dir/CheckFunctionExists.c.o  -o cmTC_ca0b1 -lpthreads 
/usr/bin/ld: cannot find -lpthreads
collect2: error: ld returned 1 exit status
CMakeFiles/cmTC_ca0b1.dir/build.make:97: recipe for target 'cmTC_ca0b1' failed
make[1]: *** [cmTC_ca0b1] Error 1
make[1]: Leaving directory '/home/advaith/Documents/16833_Final_Project/ROS/build_isolated/libviso2/CMakeFiles/CMakeTmp'
Makefile:126: recipe for target 'cmTC_ca0b1/fast' failed
make: *** [cmTC_ca0b1/fast] Error 2


