Determining if the pthread_create exist failed with the following output:
Change Dir: /home/advaith/Documents/ORB_SLAM2/Examples/ROS/ORB_SLAM2/build/CMakeFiles/CMakeTmp

Run Build Command:"/usr/bin/make" "cmTC_fc38e/fast"
/usr/bin/make -f CMakeFiles/cmTC_fc38e.dir/build.make CMakeFiles/cmTC_fc38e.dir/build
make[1]: Entering directory '/home/advaith/Documents/ORB_SLAM2/Examples/ROS/ORB_SLAM2/build/CMakeFiles/CMakeTmp'
Building C object CMakeFiles/cmTC_fc38e.dir/CheckSymbolExists.c.o
/usr/bin/cc    -o CMakeFiles/cmTC_fc38e.dir/CheckSymbolExists.c.o   -c /home/advaith/Documents/ORB_SLAM2/Examples/ROS/ORB_SLAM2/build/CMakeFiles/CMakeTmp/CheckSymbolExists.c
Linking C executable cmTC_fc38e
/usr/bin/cmake -E cmake_link_script CMakeFiles/cmTC_fc38e.dir/link.txt --verbose=1
/usr/bin/cc      -rdynamic CMakeFiles/cmTC_fc38e.dir/CheckSymbolExists.c.o  -o cmTC_fc38e 
CMakeFiles/cmTC_fc38e.dir/CheckSymbolExists.c.o: In function `main':
CheckSymbolExists.c:(.text+0x1b): undefined reference to `pthread_create'
collect2: error: ld returned 1 exit status
CMakeFiles/cmTC_fc38e.dir/build.make:97: recipe for target 'cmTC_fc38e' failed
make[1]: *** [cmTC_fc38e] Error 1
make[1]: Leaving directory '/home/advaith/Documents/ORB_SLAM2/Examples/ROS/ORB_SLAM2/build/CMakeFiles/CMakeTmp'
Makefile:126: recipe for target 'cmTC_fc38e/fast' failed
make: *** [cmTC_fc38e/fast] Error 2

File /home/advaith/Documents/ORB_SLAM2/Examples/ROS/ORB_SLAM2/build/CMakeFiles/CMakeTmp/CheckSymbolExists.c:
/* */
#include <pthread.h>

int main(int argc, char** argv)
{
  (void)argv;
#ifndef pthread_create
  return ((int*)(&pthread_create))[argc];
#else
  (void)argc;
  return 0;
#endif
}

Determining if the function pthread_create exists in the pthreads failed with the following output:
Change Dir: /home/advaith/Documents/ORB_SLAM2/Examples/ROS/ORB_SLAM2/build/CMakeFiles/CMakeTmp

Run Build Command:"/usr/bin/make" "cmTC_fca15/fast"
/usr/bin/make -f CMakeFiles/cmTC_fca15.dir/build.make CMakeFiles/cmTC_fca15.dir/build
make[1]: Entering directory '/home/advaith/Documents/ORB_SLAM2/Examples/ROS/ORB_SLAM2/build/CMakeFiles/CMakeTmp'
Building C object CMakeFiles/cmTC_fca15.dir/CheckFunctionExists.c.o
/usr/bin/cc   -DCHECK_FUNCTION_EXISTS=pthread_create   -o CMakeFiles/cmTC_fca15.dir/CheckFunctionExists.c.o   -c /usr/share/cmake-3.10/Modules/CheckFunctionExists.c
Linking C executable cmTC_fca15
/usr/bin/cmake -E cmake_link_script CMakeFiles/cmTC_fca15.dir/link.txt --verbose=1
/usr/bin/cc  -DCHECK_FUNCTION_EXISTS=pthread_create    -rdynamic CMakeFiles/cmTC_fca15.dir/CheckFunctionExists.c.o  -o cmTC_fca15 -lpthreads 
/usr/bin/ld: cannot find -lpthreads
collect2: error: ld returned 1 exit status
CMakeFiles/cmTC_fca15.dir/build.make:97: recipe for target 'cmTC_fca15' failed
make[1]: *** [cmTC_fca15] Error 1
make[1]: Leaving directory '/home/advaith/Documents/ORB_SLAM2/Examples/ROS/ORB_SLAM2/build/CMakeFiles/CMakeTmp'
Makefile:126: recipe for target 'cmTC_fca15/fast' failed
make: *** [cmTC_fca15/fast] Error 2


