Determining if the pthread_create exist failed with the following output:
Change Dir: /home/advaith/Documents/16833_Final_Project/ROS/build_isolated/vikit_common/CMakeFiles/CMakeTmp

Run Build Command:"/usr/bin/make" "cmTC_6da3e/fast"
/usr/bin/make -f CMakeFiles/cmTC_6da3e.dir/build.make CMakeFiles/cmTC_6da3e.dir/build
make[1]: Entering directory '/home/advaith/Documents/16833_Final_Project/ROS/build_isolated/vikit_common/CMakeFiles/CMakeTmp'
Building C object CMakeFiles/cmTC_6da3e.dir/CheckSymbolExists.c.o
/usr/bin/cc    -o CMakeFiles/cmTC_6da3e.dir/CheckSymbolExists.c.o   -c /home/advaith/Documents/16833_Final_Project/ROS/build_isolated/vikit_common/CMakeFiles/CMakeTmp/CheckSymbolExists.c
Linking C executable cmTC_6da3e
/usr/bin/cmake -E cmake_link_script CMakeFiles/cmTC_6da3e.dir/link.txt --verbose=1
/usr/bin/cc      -rdynamic CMakeFiles/cmTC_6da3e.dir/CheckSymbolExists.c.o  -o cmTC_6da3e 
CMakeFiles/cmTC_6da3e.dir/CheckSymbolExists.c.o: In function `main':
CheckSymbolExists.c:(.text+0x1b): undefined reference to `pthread_create'
collect2: error: ld returned 1 exit status
CMakeFiles/cmTC_6da3e.dir/build.make:97: recipe for target 'cmTC_6da3e' failed
make[1]: *** [cmTC_6da3e] Error 1
make[1]: Leaving directory '/home/advaith/Documents/16833_Final_Project/ROS/build_isolated/vikit_common/CMakeFiles/CMakeTmp'
Makefile:126: recipe for target 'cmTC_6da3e/fast' failed
make: *** [cmTC_6da3e/fast] Error 2

File /home/advaith/Documents/16833_Final_Project/ROS/build_isolated/vikit_common/CMakeFiles/CMakeTmp/CheckSymbolExists.c:
/* */
#include <pthread.h>

int main(int argc, char** argv)
{
  (void)argv;
#ifndef pthread_create
  return ((int*)(&pthread_create))[argc];
#else
  (void)argc;
  return 0;
#endif
}

Determining if the function pthread_create exists in the pthreads failed with the following output:
Change Dir: /home/advaith/Documents/16833_Final_Project/ROS/build_isolated/vikit_common/CMakeFiles/CMakeTmp

Run Build Command:"/usr/bin/make" "cmTC_760c6/fast"
/usr/bin/make -f CMakeFiles/cmTC_760c6.dir/build.make CMakeFiles/cmTC_760c6.dir/build
make[1]: Entering directory '/home/advaith/Documents/16833_Final_Project/ROS/build_isolated/vikit_common/CMakeFiles/CMakeTmp'
Building C object CMakeFiles/cmTC_760c6.dir/CheckFunctionExists.c.o
/usr/bin/cc   -DCHECK_FUNCTION_EXISTS=pthread_create   -o CMakeFiles/cmTC_760c6.dir/CheckFunctionExists.c.o   -c /usr/share/cmake-3.10/Modules/CheckFunctionExists.c
Linking C executable cmTC_760c6
/usr/bin/cmake -E cmake_link_script CMakeFiles/cmTC_760c6.dir/link.txt --verbose=1
/usr/bin/cc  -DCHECK_FUNCTION_EXISTS=pthread_create    -rdynamic CMakeFiles/cmTC_760c6.dir/CheckFunctionExists.c.o  -o cmTC_760c6 -lpthreads 
/usr/bin/ld: cannot find -lpthreads
collect2: error: ld returned 1 exit status
CMakeFiles/cmTC_760c6.dir/build.make:97: recipe for target 'cmTC_760c6' failed
make[1]: *** [cmTC_760c6] Error 1
make[1]: Leaving directory '/home/advaith/Documents/16833_Final_Project/ROS/build_isolated/vikit_common/CMakeFiles/CMakeTmp'
Makefile:126: recipe for target 'cmTC_760c6/fast' failed
make: *** [cmTC_760c6/fast] Error 2


