Determining if the pthread_create exist failed with the following output:
Change Dir: /home/advaith/Documents/16833_Final_Project/ROS/build_isolated/svo_analysis/CMakeFiles/CMakeTmp

Run Build Command:"/usr/bin/make" "cmTC_aa586/fast"
/usr/bin/make -f CMakeFiles/cmTC_aa586.dir/build.make CMakeFiles/cmTC_aa586.dir/build
make[1]: Entering directory '/home/advaith/Documents/16833_Final_Project/ROS/build_isolated/svo_analysis/CMakeFiles/CMakeTmp'
Building C object CMakeFiles/cmTC_aa586.dir/CheckSymbolExists.c.o
/usr/bin/cc    -o CMakeFiles/cmTC_aa586.dir/CheckSymbolExists.c.o   -c /home/advaith/Documents/16833_Final_Project/ROS/build_isolated/svo_analysis/CMakeFiles/CMakeTmp/CheckSymbolExists.c
Linking C executable cmTC_aa586
/usr/bin/cmake -E cmake_link_script CMakeFiles/cmTC_aa586.dir/link.txt --verbose=1
/usr/bin/cc      -rdynamic CMakeFiles/cmTC_aa586.dir/CheckSymbolExists.c.o  -o cmTC_aa586 
CMakeFiles/cmTC_aa586.dir/CheckSymbolExists.c.o: In function `main':
CheckSymbolExists.c:(.text+0x1b): undefined reference to `pthread_create'
collect2: error: ld returned 1 exit status
CMakeFiles/cmTC_aa586.dir/build.make:97: recipe for target 'cmTC_aa586' failed
make[1]: *** [cmTC_aa586] Error 1
make[1]: Leaving directory '/home/advaith/Documents/16833_Final_Project/ROS/build_isolated/svo_analysis/CMakeFiles/CMakeTmp'
Makefile:126: recipe for target 'cmTC_aa586/fast' failed
make: *** [cmTC_aa586/fast] Error 2

File /home/advaith/Documents/16833_Final_Project/ROS/build_isolated/svo_analysis/CMakeFiles/CMakeTmp/CheckSymbolExists.c:
/* */
#include <pthread.h>

int main(int argc, char** argv)
{
  (void)argv;
#ifndef pthread_create
  return ((int*)(&pthread_create))[argc];
#else
  (void)argc;
  return 0;
#endif
}

Determining if the function pthread_create exists in the pthreads failed with the following output:
Change Dir: /home/advaith/Documents/16833_Final_Project/ROS/build_isolated/svo_analysis/CMakeFiles/CMakeTmp

Run Build Command:"/usr/bin/make" "cmTC_063c6/fast"
/usr/bin/make -f CMakeFiles/cmTC_063c6.dir/build.make CMakeFiles/cmTC_063c6.dir/build
make[1]: Entering directory '/home/advaith/Documents/16833_Final_Project/ROS/build_isolated/svo_analysis/CMakeFiles/CMakeTmp'
Building C object CMakeFiles/cmTC_063c6.dir/CheckFunctionExists.c.o
/usr/bin/cc   -DCHECK_FUNCTION_EXISTS=pthread_create   -o CMakeFiles/cmTC_063c6.dir/CheckFunctionExists.c.o   -c /usr/share/cmake-3.10/Modules/CheckFunctionExists.c
Linking C executable cmTC_063c6
/usr/bin/cmake -E cmake_link_script CMakeFiles/cmTC_063c6.dir/link.txt --verbose=1
/usr/bin/cc  -DCHECK_FUNCTION_EXISTS=pthread_create    -rdynamic CMakeFiles/cmTC_063c6.dir/CheckFunctionExists.c.o  -o cmTC_063c6 -lpthreads 
/usr/bin/ld: cannot find -lpthreads
collect2: error: ld returned 1 exit status
CMakeFiles/cmTC_063c6.dir/build.make:97: recipe for target 'cmTC_063c6' failed
make[1]: *** [cmTC_063c6] Error 1
make[1]: Leaving directory '/home/advaith/Documents/16833_Final_Project/ROS/build_isolated/svo_analysis/CMakeFiles/CMakeTmp'
Makefile:126: recipe for target 'cmTC_063c6/fast' failed
make: *** [cmTC_063c6/fast] Error 2


